<?xml version="1.0" encoding="utf-8"?><testsuites name="pytest tests"><testsuite name="pytest" errors="0" failures="0" skipped="0" tests="12" time="12.775" timestamp="2026-06-10T11:10:18.035655+00:00" hostname="agent-env-5c2107a8-53eb-4405-9415-00a01af7e629"><testcase classname="backend.tests.test_phase3" name="test_root_version_3" time="0.199" /><testcase classname="backend.tests.test_phase3" name="test_quote_nse_universal" time="0.607" /><testcase classname="backend.tests.test_phase3" name="test_history_index_caret" time="0.221" /><testcase classname="backend.tests.test_phase3" name="test_profile_aapl" time="0.320" /><testcase classname="backend.tests.test_phase3" name="test_news_with_ai_summary" time="6.385" /><testcase classname="backend.tests.test_phase3" name="test_compare_three_tickers" time="1.839" /><testcase classname="backend.tests.test_phase3" name="test_explain_aapl" time="0.054" /><testcase classname="backend.tests.test_phase3" name="test_model_info_plugin_initial" time="0.051" /><testcase classname="backend.tests.test_phase3" name="test_model_reload" time="1.293" /><testcase classname="backend.tests.test_phase3" name="test_quote_cache_hit" time="0.403" /><testcase classname="backend.tests.test_phase3" name="test_predict_cache_and_force_refresh" time="0.155" /><testcase classname="backend.tests.test_phase3" name="test_plugin_model_lifecycle" time="1.187" /></testsuite></testsuites>