<?xml version="1.0" encoding="utf-8"?><testsuites name="pytest tests"><testsuite name="pytest" errors="0" failures="0" skipped="0" tests="13" time="2.800" timestamp="2026-06-10T10:34:30.238918+00:00" hostname="agent-env-5c2107a8-53eb-4405-9415-00a01af7e629"><testcase classname="backend.tests.backend_test" name="test_root_health" time="0.268" /><testcase classname="backend.tests.backend_test" name="test_popular" time="0.045" /><testcase classname="backend.tests.backend_test" name="test_search_with_query" time="0.045" /><testcase classname="backend.tests.backend_test" name="test_search_empty" time="0.050" /><testcase classname="backend.tests.backend_test" name="test_search_unknown_ticker" time="0.044" /><testcase classname="backend.tests.backend_test" name="test_quote_aapl" time="0.667" /><testcase classname="backend.tests.backend_test" name="test_quote_invalid" time="0.811" /><testcase classname="backend.tests.backend_test" name="test_history[1M]" time="0.229" /><testcase classname="backend.tests.backend_test" name="test_history[1Y]" time="0.080" /><testcase classname="backend.tests.backend_test" name="test_indicators" time="0.102" /><testcase classname="backend.tests.backend_test" name="test_predict" time="0.275" /><testcase classname="backend.tests.backend_test" name="test_analytics" time="0.066" /><testcase classname="backend.tests.backend_test" name="test_model_info" time="0.045" /></testsuite></testsuites>